  [1m[35m (0.5ms)[0m  [1m[35mSET NAMES utf8,  @@SESSION.sql_mode = CONCAT(CONCAT(@@sql_mode, ',STRICT_ALL_TABLES'), ',NO_AUTO_VALUE_ON_ZERO'),  @@SESSION.sql_auto_is_null = 0, @@SESSION.wait_timeout = 2147483[0m
  [1m[35m (1.0ms)[0m  [1m[34mSELECT `schema_migrations`.`version` FROM `schema_migrations` ORDER BY `schema_migrations`.`version` ASC[0m
  [1m[35m (0.4ms)[0m  [1m[35mSET NAMES utf8,  @@SESSION.sql_mode = CONCAT(CONCAT(@@sql_mode, ',STRICT_ALL_TABLES'), ',NO_AUTO_VALUE_ON_ZERO'),  @@SESSION.sql_auto_is_null = 0, @@SESSION.wait_timeout = 2147483[0m
  [1m[35m (0.2ms)[0m  [1m[34mSELECT `schema_migrations`.`version` FROM `schema_migrations` ORDER BY `schema_migrations`.`version` ASC[0m
  [1m[35m (48.2ms)[0m  [1m[35mSET NAMES utf8,  @@SESSION.sql_mode = CONCAT(CONCAT(@@sql_mode, ',STRICT_ALL_TABLES'), ',NO_AUTO_VALUE_ON_ZERO'),  @@SESSION.sql_auto_is_null = 0, @@SESSION.wait_timeout = 2147483[0m
Started GET "/" for 127.0.0.1 at 2017-10-31 02:43:17 -0700
Processing by Rails::WelcomeController#index as HTML
  Rendering /home/webdev/.rvm/gems/ruby-2.4.2/gems/railties-5.1.4/lib/rails/templates/rails/welcome/index.html.erb
  Rendered /home/webdev/.rvm/gems/ruby-2.4.2/gems/railties-5.1.4/lib/rails/templates/rails/welcome/index.html.erb (9.0ms)
Completed 200 OK in 662ms (Views: 34.1ms)


Started GET "/" for 127.0.0.1 at 2017-10-31 03:01:47 -0700
Processing by Rails::WelcomeController#index as HTML
  Rendering /home/webdev/.rvm/gems/ruby-2.4.2/gems/railties-5.1.4/lib/rails/templates/rails/welcome/index.html.erb
  Rendered /home/webdev/.rvm/gems/ruby-2.4.2/gems/railties-5.1.4/lib/rails/templates/rails/welcome/index.html.erb (23.2ms)
Completed 200 OK in 1022ms (Views: 83.0ms)


Started GET "/demo/index" for 127.0.0.1 at 2017-10-31 03:02:05 -0700
Processing by DemoController#index as HTML
  Rendering demo/index.html.erb within layouts/application
  Rendered demo/index.html.erb within layouts/application (0.8ms)
Completed 200 OK in 1183ms (Views: 1179.5ms)


Started GET "/demo/index" for 127.0.0.1 at 2017-10-31 03:02:54 -0700
Processing by DemoController#index as HTML
  Rendering demo/index.html.erb within layouts/application
  Rendered demo/index.html.erb within layouts/application (0.4ms)
Completed 200 OK in 40ms (Views: 38.1ms)


Started GET "/demo/" for 127.0.0.1 at 2017-10-31 03:26:29 -0700
  
ActionController::RoutingError (No route matches [GET] "/demo"):
  
actionpack (5.1.4) lib/action_dispatch/middleware/debug_exceptions.rb:63:in `call'
web-console (3.5.1) lib/web_console/middleware.rb:135:in `call_app'
web-console (3.5.1) lib/web_console/middleware.rb:28:in `block in call'
web-console (3.5.1) lib/web_console/middleware.rb:18:in `catch'
web-console (3.5.1) lib/web_console/middleware.rb:18:in `call'
actionpack (5.1.4) lib/action_dispatch/middleware/show_exceptions.rb:31:in `call'
railties (5.1.4) lib/rails/rack/logger.rb:36:in `call_app'
railties (5.1.4) lib/rails/rack/logger.rb:24:in `block in call'
activesupport (5.1.4) lib/active_support/tagged_logging.rb:69:in `block in tagged'
activesupport (5.1.4) lib/active_support/tagged_logging.rb:26:in `tagged'
activesupport (5.1.4) lib/active_support/tagged_logging.rb:69:in `tagged'
railties (5.1.4) lib/rails/rack/logger.rb:24:in `call'
sprockets-rails (3.2.1) lib/sprockets/rails/quiet_assets.rb:13:in `call'
actionpack (5.1.4) lib/action_dispatch/middleware/remote_ip.rb:79:in `call'
actionpack (5.1.4) lib/action_dispatch/middleware/request_id.rb:25:in `call'
rack (2.0.3) lib/rack/method_override.rb:22:in `call'
rack (2.0.3) lib/rack/runtime.rb:22:in `call'
activesupport (5.1.4) lib/active_support/cache/strategy/local_cache_middleware.rb:27:in `call'
actionpack (5.1.4) lib/action_dispatch/middleware/executor.rb:12:in `call'
actionpack (5.1.4) lib/action_dispatch/middleware/static.rb:125:in `call'
rack (2.0.3) lib/rack/sendfile.rb:111:in `call'
railties (5.1.4) lib/rails/engine.rb:522:in `call'
puma (3.10.0) lib/puma/configuration.rb:225:in `call'
puma (3.10.0) lib/puma/server.rb:605:in `handle_request'
puma (3.10.0) lib/puma/server.rb:437:in `process_client'
puma (3.10.0) lib/puma/server.rb:301:in `block in run'
puma (3.10.0) lib/puma/thread_pool.rb:120:in `block in spawn_thread'
Started GET "/demo/" for 127.0.0.1 at 2017-10-31 03:40:17 -0700
  
SyntaxError (/home/webdev/Sites/simple_cms/config/routes.rb:4: syntax error, unexpected '(', expecting keyword_end
  :controller(/:action(/:id))
              ^
/home/webdev/Sites/simple_cms/config/routes.rb:4: end pattern with unmatched parenthesis: /:action(/
/home/webdev/Sites/simple_cms/config/routes.rb:4: syntax error, unexpected ':', expecting end-of-input
  :controller(/:action(/:id))
                         ^):
  
config/routes.rb:4: syntax error, unexpected '(', expecting keyword_end
config/routes.rb:4: end pattern with unmatched parenthesis: /:action(/
config/routes.rb:4: syntax error, unexpected ':', expecting end-of-input
DEPRECATION WARNING: Using a dynamic :controller segment in a route is deprecated and will be removed in Rails 5.2. (called from block in <top (required)> at /home/webdev/Sites/simple_cms/config/routes.rb:4)
DEPRECATION WARNING: Using a dynamic :action segment in a route is deprecated and will be removed in Rails 5.2. (called from block in <top (required)> at /home/webdev/Sites/simple_cms/config/routes.rb:4)
Started GET "/demo/" for 127.0.0.1 at 2017-10-31 03:41:07 -0700
DEPRECATION WARNING: Using a dynamic :controller segment in a route is deprecated and will be removed in Rails 5.2. (called from block in <top (required)> at /home/webdev/Sites/simple_cms/config/routes.rb:4)
DEPRECATION WARNING: Using a dynamic :action segment in a route is deprecated and will be removed in Rails 5.2. (called from block in <top (required)> at /home/webdev/Sites/simple_cms/config/routes.rb:4)
Processing by DemoController#index as HTML
  Rendering demo/index.html.erb within layouts/application
  Rendered demo/index.html.erb within layouts/application (0.3ms)
Completed 200 OK in 51ms (Views: 47.3ms)


DEPRECATION WARNING: Using a dynamic :controller segment in a route is deprecated and will be removed in Rails 5.2. (called from block in <top (required)> at /home/webdev/Sites/simple_cms/config/routes.rb:6)
DEPRECATION WARNING: Using a dynamic :action segment in a route is deprecated and will be removed in Rails 5.2. (called from block in <top (required)> at /home/webdev/Sites/simple_cms/config/routes.rb:6)
DEPRECATION WARNING: Using a dynamic :controller segment in a route is deprecated and will be removed in Rails 5.2. (called from block in <top (required)> at /home/webdev/Sites/simple_cms/config/routes.rb:9)
DEPRECATION WARNING: Using a dynamic :action segment in a route is deprecated and will be removed in Rails 5.2. (called from block in <top (required)> at /home/webdev/Sites/simple_cms/config/routes.rb:9)
Started GET "/" for 127.0.0.1 at 2017-10-31 03:45:01 -0700
DEPRECATION WARNING: Using a dynamic :controller segment in a route is deprecated and will be removed in Rails 5.2. (called from block in <top (required)> at /home/webdev/Sites/simple_cms/config/routes.rb:9)
DEPRECATION WARNING: Using a dynamic :action segment in a route is deprecated and will be removed in Rails 5.2. (called from block in <top (required)> at /home/webdev/Sites/simple_cms/config/routes.rb:9)
Processing by DemoController#index as HTML
  Rendering demo/index.html.erb within layouts/application
  Rendered demo/index.html.erb within layouts/application (0.8ms)
Completed 200 OK in 107ms (Views: 102.8ms)


DEPRECATION WARNING: Using a dynamic :controller segment in a route is deprecated and will be removed in Rails 5.2. (called from block in <top (required)> at /home/webdev/Sites/simple_cms/config/routes.rb:10)
DEPRECATION WARNING: Using a dynamic :action segment in a route is deprecated and will be removed in Rails 5.2. (called from block in <top (required)> at /home/webdev/Sites/simple_cms/config/routes.rb:10)
Started GET "/demo/index" for 127.0.0.1 at 2017-10-31 15:14:24 +0200
Processing by DemoController#index as HTML
  Rendering demo/index.html.erb within layouts/application
  Rendered demo/index.html.erb within layouts/application (2.2ms)
Completed 200 OK in 2813ms (Views: 2282.9ms)


Started GET "/demo/hello" for 127.0.0.1 at 2017-10-31 15:14:37 +0200
Processing by DemoController#hello as HTML
  Rendering demo/hello.html.erb within layouts/application
  Rendered demo/hello.html.erb within layouts/application (0.5ms)
Completed 200 OK in 36ms (Views: 34.7ms)


Started GET "/demo/hello" for 127.0.0.1 at 2017-10-31 15:14:51 +0200
DEPRECATION WARNING: Using a dynamic :controller segment in a route is deprecated and will be removed in Rails 5.2. (called from block in <top (required)> at /home/webdev/Sites/simple_cms/config/routes.rb:10)
DEPRECATION WARNING: Using a dynamic :action segment in a route is deprecated and will be removed in Rails 5.2. (called from block in <top (required)> at /home/webdev/Sites/simple_cms/config/routes.rb:10)
Processing by DemoController#hello as HTML
  Rendering demo/hello.html.erb within layouts/application
  Rendered demo/hello.html.erb within layouts/application (0.9ms)
Completed 200 OK in 38ms (Views: 36.4ms)


Started GET "/demo/index" for 127.0.0.1 at 2017-10-31 15:14:56 +0200
Processing by DemoController#index as HTML
  Rendering demo/hello.html.erb within layouts/application
  Rendered demo/hello.html.erb within layouts/application (0.4ms)
Completed 200 OK in 30ms (Views: 29.1ms)


Started GET "/demo/other_hello" for 127.0.0.1 at 2017-10-31 15:22:56 +0200
DEPRECATION WARNING: Using a dynamic :controller segment in a route is deprecated and will be removed in Rails 5.2. (called from block in <top (required)> at /home/webdev/Sites/simple_cms/config/routes.rb:11)
DEPRECATION WARNING: Using a dynamic :action segment in a route is deprecated and will be removed in Rails 5.2. (called from block in <top (required)> at /home/webdev/Sites/simple_cms/config/routes.rb:11)
Processing by DemoController#other_hello as HTML
Redirected to http://localhost:3000/
Completed 302 Found in 2ms


Started GET "/" for 127.0.0.1 at 2017-10-31 15:22:56 +0200
Processing by DemoController#index as HTML
  Rendering demo/index.html.erb within layouts/application
  Rendered demo/index.html.erb within layouts/application (1.0ms)
Completed 200 OK in 34ms (Views: 33.8ms)


Started GET "/lynda" for 127.0.0.1 at 2017-10-31 15:29:16 +0200
DEPRECATION WARNING: Using a dynamic :controller segment in a route is deprecated and will be removed in Rails 5.2. (called from block in <top (required)> at /home/webdev/Sites/simple_cms/config/routes.rb:12)
DEPRECATION WARNING: Using a dynamic :action segment in a route is deprecated and will be removed in Rails 5.2. (called from block in <top (required)> at /home/webdev/Sites/simple_cms/config/routes.rb:12)
  
ActionController::RoutingError (No route matches [GET] "/lynda"):
  
actionpack (5.1.4) lib/action_dispatch/middleware/debug_exceptions.rb:63:in `call'
web-console (3.5.1) lib/web_console/middleware.rb:135:in `call_app'
web-console (3.5.1) lib/web_console/middleware.rb:28:in `block in call'
web-console (3.5.1) lib/web_console/middleware.rb:18:in `catch'
web-console (3.5.1) lib/web_console/middleware.rb:18:in `call'
actionpack (5.1.4) lib/action_dispatch/middleware/show_exceptions.rb:31:in `call'
railties (5.1.4) lib/rails/rack/logger.rb:36:in `call_app'
railties (5.1.4) lib/rails/rack/logger.rb:24:in `block in call'
activesupport (5.1.4) lib/active_support/tagged_logging.rb:69:in `block in tagged'
activesupport (5.1.4) lib/active_support/tagged_logging.rb:26:in `tagged'
activesupport (5.1.4) lib/active_support/tagged_logging.rb:69:in `tagged'
railties (5.1.4) lib/rails/rack/logger.rb:24:in `call'
sprockets-rails (3.2.1) lib/sprockets/rails/quiet_assets.rb:13:in `call'
actionpack (5.1.4) lib/action_dispatch/middleware/remote_ip.rb:79:in `call'
actionpack (5.1.4) lib/action_dispatch/middleware/request_id.rb:25:in `call'
rack (2.0.3) lib/rack/method_override.rb:22:in `call'
rack (2.0.3) lib/rack/runtime.rb:22:in `call'
activesupport (5.1.4) lib/active_support/cache/strategy/local_cache_middleware.rb:27:in `call'
actionpack (5.1.4) lib/action_dispatch/middleware/executor.rb:12:in `call'
actionpack (5.1.4) lib/action_dispatch/middleware/static.rb:125:in `call'
rack (2.0.3) lib/rack/sendfile.rb:111:in `call'
railties (5.1.4) lib/rails/engine.rb:522:in `call'
puma (3.10.0) lib/puma/configuration.rb:225:in `call'
puma (3.10.0) lib/puma/server.rb:605:in `handle_request'
puma (3.10.0) lib/puma/server.rb:437:in `process_client'
puma (3.10.0) lib/puma/server.rb:301:in `block in run'
puma (3.10.0) lib/puma/thread_pool.rb:120:in `block in spawn_thread'
Started GET "/lynda" for 127.0.0.1 at 2017-10-31 15:29:30 +0200
DEPRECATION WARNING: Using a dynamic :controller segment in a route is deprecated and will be removed in Rails 5.2. (called from block in <top (required)> at /home/webdev/Sites/simple_cms/config/routes.rb:12)
DEPRECATION WARNING: Using a dynamic :action segment in a route is deprecated and will be removed in Rails 5.2. (called from block in <top (required)> at /home/webdev/Sites/simple_cms/config/routes.rb:12)
  
ActionController::RoutingError (No route matches [GET] "/lynda"):
  
actionpack (5.1.4) lib/action_dispatch/middleware/debug_exceptions.rb:63:in `call'
web-console (3.5.1) lib/web_console/middleware.rb:135:in `call_app'
web-console (3.5.1) lib/web_console/middleware.rb:28:in `block in call'
web-console (3.5.1) lib/web_console/middleware.rb:18:in `catch'
web-console (3.5.1) lib/web_console/middleware.rb:18:in `call'
actionpack (5.1.4) lib/action_dispatch/middleware/show_exceptions.rb:31:in `call'
railties (5.1.4) lib/rails/rack/logger.rb:36:in `call_app'
railties (5.1.4) lib/rails/rack/logger.rb:24:in `block in call'
activesupport (5.1.4) lib/active_support/tagged_logging.rb:69:in `block in tagged'
activesupport (5.1.4) lib/active_support/tagged_logging.rb:26:in `tagged'
activesupport (5.1.4) lib/active_support/tagged_logging.rb:69:in `tagged'
railties (5.1.4) lib/rails/rack/logger.rb:24:in `call'
sprockets-rails (3.2.1) lib/sprockets/rails/quiet_assets.rb:13:in `call'
actionpack (5.1.4) lib/action_dispatch/middleware/remote_ip.rb:79:in `call'
actionpack (5.1.4) lib/action_dispatch/middleware/request_id.rb:25:in `call'
rack (2.0.3) lib/rack/method_override.rb:22:in `call'
rack (2.0.3) lib/rack/runtime.rb:22:in `call'
activesupport (5.1.4) lib/active_support/cache/strategy/local_cache_middleware.rb:27:in `call'
actionpack (5.1.4) lib/action_dispatch/middleware/executor.rb:12:in `call'
actionpack (5.1.4) lib/action_dispatch/middleware/static.rb:125:in `call'
rack (2.0.3) lib/rack/sendfile.rb:111:in `call'
railties (5.1.4) lib/rails/engine.rb:522:in `call'
puma (3.10.0) lib/puma/configuration.rb:225:in `call'
puma (3.10.0) lib/puma/server.rb:605:in `handle_request'
puma (3.10.0) lib/puma/server.rb:437:in `process_client'
puma (3.10.0) lib/puma/server.rb:301:in `block in run'
puma (3.10.0) lib/puma/thread_pool.rb:120:in `block in spawn_thread'
Started GET "/lynda" for 127.0.0.1 at 2017-10-31 15:29:37 +0200
  
ActionController::RoutingError (No route matches [GET] "/lynda"):
  
actionpack (5.1.4) lib/action_dispatch/middleware/debug_exceptions.rb:63:in `call'
web-console (3.5.1) lib/web_console/middleware.rb:135:in `call_app'
web-console (3.5.1) lib/web_console/middleware.rb:28:in `block in call'
web-console (3.5.1) lib/web_console/middleware.rb:18:in `catch'
web-console (3.5.1) lib/web_console/middleware.rb:18:in `call'
actionpack (5.1.4) lib/action_dispatch/middleware/show_exceptions.rb:31:in `call'
railties (5.1.4) lib/rails/rack/logger.rb:36:in `call_app'
railties (5.1.4) lib/rails/rack/logger.rb:24:in `block in call'
activesupport (5.1.4) lib/active_support/tagged_logging.rb:69:in `block in tagged'
activesupport (5.1.4) lib/active_support/tagged_logging.rb:26:in `tagged'
activesupport (5.1.4) lib/active_support/tagged_logging.rb:69:in `tagged'
railties (5.1.4) lib/rails/rack/logger.rb:24:in `call'
sprockets-rails (3.2.1) lib/sprockets/rails/quiet_assets.rb:13:in `call'
actionpack (5.1.4) lib/action_dispatch/middleware/remote_ip.rb:79:in `call'
actionpack (5.1.4) lib/action_dispatch/middleware/request_id.rb:25:in `call'
rack (2.0.3) lib/rack/method_override.rb:22:in `call'
rack (2.0.3) lib/rack/runtime.rb:22:in `call'
activesupport (5.1.4) lib/active_support/cache/strategy/local_cache_middleware.rb:27:in `call'
actionpack (5.1.4) lib/action_dispatch/middleware/executor.rb:12:in `call'
actionpack (5.1.4) lib/action_dispatch/middleware/static.rb:125:in `call'
rack (2.0.3) lib/rack/sendfile.rb:111:in `call'
railties (5.1.4) lib/rails/engine.rb:522:in `call'
puma (3.10.0) lib/puma/configuration.rb:225:in `call'
puma (3.10.0) lib/puma/server.rb:605:in `handle_request'
puma (3.10.0) lib/puma/server.rb:437:in `process_client'
puma (3.10.0) lib/puma/server.rb:301:in `block in run'
puma (3.10.0) lib/puma/thread_pool.rb:120:in `block in spawn_thread'
Started GET "/demo/lynda" for 127.0.0.1 at 2017-10-31 15:30:07 +0200
Processing by DemoController#lynda as HTML
Redirected to http://lynda.com
Completed 302 Found in 1ms


Started GET "/demo/hello" for 127.0.0.1 at 2017-10-31 15:58:11 +0200
Processing by DemoController#hello as HTML
  Rendering demo/hello.html.erb within layouts/application
  Rendered demo/hello.html.erb within layouts/application (0.5ms)
Completed 200 OK in 15ms (Views: 14.9ms)


Started GET "/demo/hello" for 127.0.0.1 at 2017-10-31 15:58:54 +0200
Processing by DemoController#hello as HTML
  Rendering demo/hello.html.erb within layouts/application
  Rendered demo/hello.html.erb within layouts/application (0.5ms)
Completed 200 OK in 20ms (Views: 19.2ms)


Started GET "/demo/hello" for 127.0.0.1 at 2017-10-31 16:00:49 +0200
Processing by DemoController#hello as HTML
  Rendering demo/hello.html.erb within layouts/application
  Rendered demo/hello.html.erb within layouts/application (0.9ms)
Completed 200 OK in 28ms (Views: 27.0ms)


Started GET "/demo/hello" for 127.0.0.1 at 2017-10-31 16:01:28 +0200
Processing by DemoController#hello as HTML
  Rendering demo/hello.html.erb within layouts/application
  Rendered demo/hello.html.erb within layouts/application (0.6ms)
Completed 200 OK in 23ms (Views: 22.6ms)


Started GET "/demo/hello" for 127.0.0.1 at 2017-10-31 16:04:51 +0200
Processing by DemoController#hello as HTML
  Rendering demo/hello.html.erb within layouts/application
  Rendered demo/hello.html.erb within layouts/application (0.9ms)
Completed 200 OK in 26ms (Views: 25.2ms)


Started GET "/demo/hello" for 127.0.0.1 at 2017-10-31 16:06:43 +0200
Processing by DemoController#hello as HTML
  Rendering demo/hello.html.erb within layouts/application
  Rendered demo/hello.html.erb within layouts/application (0.9ms)
Completed 200 OK in 32ms (Views: 31.6ms)


Started GET "/demo/hello" for 127.0.0.1 at 2017-10-31 16:06:46 +0200
Processing by DemoController#hello as HTML
  Rendering demo/hello.html.erb within layouts/application
  Rendered demo/hello.html.erb within layouts/application (1.0ms)
Completed 200 OK in 29ms (Views: 28.6ms)


Started GET "/demo/hello" for 127.0.0.1 at 2017-10-31 16:07:23 +0200
Processing by DemoController#hello as HTML
  Rendering demo/hello.html.erb within layouts/application
  Rendered demo/hello.html.erb within layouts/application (0.8ms)
Completed 200 OK in 26ms (Views: 25.2ms)


Started GET "/demo/hello" for 127.0.0.1 at 2017-10-31 16:07:35 +0200
Processing by DemoController#hello as HTML
  Rendering demo/hello.html.erb within layouts/application
  Rendered demo/hello.html.erb within layouts/application (0.8ms)
Completed 200 OK in 24ms (Views: 23.1ms)


Started GET "/demo/hello" for 127.0.0.1 at 2017-10-31 16:27:59 +0200
DEPRECATION WARNING: Using a dynamic :controller segment in a route is deprecated and will be removed in Rails 5.2. (called from block in <top (required)> at /home/webdev/Sites/simple_cms/config/routes.rb:12)
DEPRECATION WARNING: Using a dynamic :action segment in a route is deprecated and will be removed in Rails 5.2. (called from block in <top (required)> at /home/webdev/Sites/simple_cms/config/routes.rb:12)
Processing by DemoController#hello as HTML
  Rendering demo/hello.html.erb within layouts/application
  Rendered demo/hello.html.erb within layouts/application (0.7ms)
Completed 200 OK in 21ms (Views: 20.4ms)


Started GET "/demo/index" for 127.0.0.1 at 2017-10-31 16:53:48 +0200
Processing by DemoController#index as HTML
  Rendering demo/index.html.erb within layouts/application
  Rendered demo/index.html.erb within layouts/application (0.9ms)
Completed 200 OK in 20ms (Views: 19.5ms)


Started GET "/demo/hello" for 127.0.0.1 at 2017-10-31 17:07:14 +0200
Processing by DemoController#hello as HTML
  Rendering demo/hello.html.erb within layouts/application
  Rendered demo/hello.html.erb within layouts/application (1.9ms)
Completed 200 OK in 25ms (Views: 23.9ms)


Started GET "/" for 127.0.0.1 at 2017-10-31 17:07:17 +0200
Processing by DemoController#index as HTML
  Rendering demo/index.html.erb within layouts/application
  Rendered demo/index.html.erb within layouts/application (1.9ms)
Completed 200 OK in 31ms (Views: 29.7ms)


Started GET "/demo/hello?id=20&page=5" for 127.0.0.1 at 2017-10-31 17:07:20 +0200
Processing by DemoController#hello as HTML
  Parameters: {"id"=>"20", "page"=>"5"}
  Rendering demo/hello.html.erb within layouts/application
  Rendered demo/hello.html.erb within layouts/application (1.9ms)
Completed 200 OK in 36ms (Views: 34.9ms)


Started GET "/" for 127.0.0.1 at 2017-10-31 17:18:34 +0200
DEPRECATION WARNING: Using a dynamic :controller segment in a route is deprecated and will be removed in Rails 5.2. (called from block in <top (required)> at /home/webdev/Sites/simple_cms/config/routes.rb:12)
DEPRECATION WARNING: Using a dynamic :action segment in a route is deprecated and will be removed in Rails 5.2. (called from block in <top (required)> at /home/webdev/Sites/simple_cms/config/routes.rb:12)
Processing by DemoController#index as HTML
  Rendering demo/index.html.erb within layouts/application
  Rendered demo/index.html.erb within layouts/application (1.2ms)
Completed 200 OK in 19ms (Views: 18.1ms)


Started GET "/demo/hello?id=20&page=5" for 127.0.0.1 at 2017-10-31 17:18:35 +0200
Processing by DemoController#hello as HTML
  Parameters: {"id"=>"20", "page"=>"5"}
  Rendering demo/hello.html.erb within layouts/application
  Rendered demo/hello.html.erb within layouts/application (2.5ms)
Completed 200 OK in 36ms (Views: 34.4ms)


Started GET "/demo/hello?id=20&page=5" for 127.0.0.1 at 2017-10-31 17:20:15 +0200
Processing by DemoController#hello as HTML
  Parameters: {"id"=>"20", "page"=>"5"}
  Rendering demo/hello.html.erb within layouts/application
  Rendered demo/hello.html.erb within layouts/application (1.4ms)
Completed 200 OK in 36ms (Views: 35.0ms)


Started GET "/demo/hello?id=20&page=5" for 127.0.0.1 at 2017-10-31 17:20:19 +0200
Processing by DemoController#hello as HTML
  Parameters: {"id"=>"20", "page"=>"5"}
  Rendering demo/hello.html.erb within layouts/application
  Rendered demo/hello.html.erb within layouts/application (1.2ms)
Completed 200 OK in 21ms (Views: 20.9ms)


Started GET "/demo/hello?id=20&page=5" for 127.0.0.1 at 2017-10-31 17:20:22 +0200
Processing by DemoController#hello as HTML
  Parameters: {"id"=>"20", "page"=>"5"}
  Rendering demo/hello.html.erb within layouts/application
  Rendered demo/hello.html.erb within layouts/application (1.5ms)
Completed 200 OK in 24ms (Views: 23.7ms)


DEPRECATION WARNING: Using a dynamic :controller segment in a route is deprecated and will be removed in Rails 5.2. (called from block in <top (required)> at /home/webdev/Sites/simple_cms/config/routes.rb:12)
DEPRECATION WARNING: Using a dynamic :action segment in a route is deprecated and will be removed in Rails 5.2. (called from block in <top (required)> at /home/webdev/Sites/simple_cms/config/routes.rb:12)
DEPRECATION WARNING: Using a dynamic :controller segment in a route is deprecated and will be removed in Rails 5.2. (called from block in <top (required)> at /home/webdev/Sites/simple_cms/config/routes.rb:12)
DEPRECATION WARNING: Using a dynamic :action segment in a route is deprecated and will be removed in Rails 5.2. (called from block in <top (required)> at /home/webdev/Sites/simple_cms/config/routes.rb:12)
DEPRECATION WARNING: Using a dynamic :controller segment in a route is deprecated and will be removed in Rails 5.2. (called from block in <top (required)> at /home/webdev/Sites/simple_cms/config/routes.rb:12)
DEPRECATION WARNING: Using a dynamic :action segment in a route is deprecated and will be removed in Rails 5.2. (called from block in <top (required)> at /home/webdev/Sites/simple_cms/config/routes.rb:12)
  [1m[35m (42.7ms)[0m  [1m[35mSET NAMES utf8,  @@SESSION.sql_mode = CONCAT(CONCAT(@@sql_mode, ',STRICT_ALL_TABLES'), ',NO_AUTO_VALUE_ON_ZERO'),  @@SESSION.sql_auto_is_null = 0, @@SESSION.wait_timeout = 2147483[0m
  [1m[35m (0.3ms)[0m  [1m[34mSELECT GET_LOCK(8363530219080587145, 0)[0m
  [1m[35m (0.5ms)[0m  [1m[34mSELECT `schema_migrations`.`version` FROM `schema_migrations` ORDER BY `schema_migrations`.`version` ASC[0m
Migrating to DoNothingYet (20171102151423)
  [1m[35m (0.3ms)[0m  [1m[35mBEGIN[0m
  [1m[35mSQL (14.2ms)[0m  [1m[32mINSERT INTO `schema_migrations` (`version`) VALUES ('20171102151423')[0m
  [1m[35m (36.0ms)[0m  [1m[35mCOMMIT[0m
Migrating to CreateUsers (20171102200019)
  [1m[35m (0.4ms)[0m  [1m[34mSELECT RELEASE_LOCK(8363530219080587145)[0m
DEPRECATION WARNING: Using a dynamic :controller segment in a route is deprecated and will be removed in Rails 5.2. (called from block in <top (required)> at /home/webdev/Sites/simple_cms/config/routes.rb:12)
DEPRECATION WARNING: Using a dynamic :action segment in a route is deprecated and will be removed in Rails 5.2. (called from block in <top (required)> at /home/webdev/Sites/simple_cms/config/routes.rb:12)
  [1m[35m (0.5ms)[0m  [1m[35mSET NAMES utf8,  @@SESSION.sql_mode = CONCAT(CONCAT(@@sql_mode, ',STRICT_ALL_TABLES'), ',NO_AUTO_VALUE_ON_ZERO'),  @@SESSION.sql_auto_is_null = 0, @@SESSION.wait_timeout = 2147483[0m
  [1m[35m (0.4ms)[0m  [1m[34mSELECT GET_LOCK(8363530219080587145, 0)[0m
  [1m[35m (0.5ms)[0m  [1m[34mSELECT `schema_migrations`.`version` FROM `schema_migrations` ORDER BY `schema_migrations`.`version` ASC[0m
Migrating to CreateUsers (20171102200019)
  [1m[35m (0.4ms)[0m  [1m[34mSELECT RELEASE_LOCK(8363530219080587145)[0m
DEPRECATION WARNING: Using a dynamic :controller segment in a route is deprecated and will be removed in Rails 5.2. (called from block in <top (required)> at /home/webdev/Sites/simple_cms/config/routes.rb:12)
DEPRECATION WARNING: Using a dynamic :action segment in a route is deprecated and will be removed in Rails 5.2. (called from block in <top (required)> at /home/webdev/Sites/simple_cms/config/routes.rb:12)
  [1m[35m (0.4ms)[0m  [1m[35mSET NAMES utf8,  @@SESSION.sql_mode = CONCAT(CONCAT(@@sql_mode, ',STRICT_ALL_TABLES'), ',NO_AUTO_VALUE_ON_ZERO'),  @@SESSION.sql_auto_is_null = 0, @@SESSION.wait_timeout = 2147483[0m
  [1m[35m (0.3ms)[0m  [1m[34mSELECT GET_LOCK(8363530219080587145, 0)[0m
  [1m[35m (0.5ms)[0m  [1m[34mSELECT `schema_migrations`.`version` FROM `schema_migrations` ORDER BY `schema_migrations`.`version` ASC[0m
Migrating to CreateUsers (20171102200019)
  [1m[35m (0.5ms)[0m  [1m[35mCREATE TABLE `users` (`id` bigint NOT NULL AUTO_INCREMENT PRIMARY KEY, `first_name` String, `last_name` varchar(50), `email` varchar(255) DEFAULT '' NOT NULL, `password` varchar(40), `created_at` datetime NOT NULL, `updated_at` datetime NOT NULL) ENGINE=InnoDB[0m
  [1m[35m (0.3ms)[0m  [1m[34mSELECT RELEASE_LOCK(8363530219080587145)[0m
DEPRECATION WARNING: Using a dynamic :controller segment in a route is deprecated and will be removed in Rails 5.2. (called from block in <top (required)> at /home/webdev/Sites/simple_cms/config/routes.rb:12)
DEPRECATION WARNING: Using a dynamic :action segment in a route is deprecated and will be removed in Rails 5.2. (called from block in <top (required)> at /home/webdev/Sites/simple_cms/config/routes.rb:12)
  [1m[35m (0.5ms)[0m  [1m[35mSET NAMES utf8,  @@SESSION.sql_mode = CONCAT(CONCAT(@@sql_mode, ',STRICT_ALL_TABLES'), ',NO_AUTO_VALUE_ON_ZERO'),  @@SESSION.sql_auto_is_null = 0, @@SESSION.wait_timeout = 2147483[0m
  [1m[35m (0.3ms)[0m  [1m[34mSELECT GET_LOCK(8363530219080587145, 0)[0m
  [1m[35m (0.4ms)[0m  [1m[34mSELECT `schema_migrations`.`version` FROM `schema_migrations` ORDER BY `schema_migrations`.`version` ASC[0m
Migrating to CreateUsers (20171102200019)
  [1m[35m (0.4ms)[0m  [1m[34mSELECT RELEASE_LOCK(8363530219080587145)[0m
DEPRECATION WARNING: Using a dynamic :controller segment in a route is deprecated and will be removed in Rails 5.2. (called from block in <top (required)> at /home/webdev/Sites/simple_cms/config/routes.rb:12)
DEPRECATION WARNING: Using a dynamic :action segment in a route is deprecated and will be removed in Rails 5.2. (called from block in <top (required)> at /home/webdev/Sites/simple_cms/config/routes.rb:12)
  [1m[35m (0.3ms)[0m  [1m[35mSET NAMES utf8,  @@SESSION.sql_mode = CONCAT(CONCAT(@@sql_mode, ',STRICT_ALL_TABLES'), ',NO_AUTO_VALUE_ON_ZERO'),  @@SESSION.sql_auto_is_null = 0, @@SESSION.wait_timeout = 2147483[0m
  [1m[35m (0.2ms)[0m  [1m[34mSELECT GET_LOCK(8363530219080587145, 0)[0m
  [1m[35m (0.3ms)[0m  [1m[34mSELECT `schema_migrations`.`version` FROM `schema_migrations` ORDER BY `schema_migrations`.`version` ASC[0m
Migrating to CreateUsers (20171102200019)
  [1m[35m (0.3ms)[0m  [1m[34mSELECT RELEASE_LOCK(8363530219080587145)[0m
DEPRECATION WARNING: Using a dynamic :controller segment in a route is deprecated and will be removed in Rails 5.2. (called from block in <top (required)> at /home/webdev/Sites/simple_cms/config/routes.rb:12)
DEPRECATION WARNING: Using a dynamic :action segment in a route is deprecated and will be removed in Rails 5.2. (called from block in <top (required)> at /home/webdev/Sites/simple_cms/config/routes.rb:12)
  [1m[35m (0.6ms)[0m  [1m[35mSET NAMES utf8,  @@SESSION.sql_mode = CONCAT(CONCAT(@@sql_mode, ',STRICT_ALL_TABLES'), ',NO_AUTO_VALUE_ON_ZERO'),  @@SESSION.sql_auto_is_null = 0, @@SESSION.wait_timeout = 2147483[0m
  [1m[35m (0.4ms)[0m  [1m[34mSELECT GET_LOCK(8363530219080587145, 0)[0m
  [1m[35m (0.6ms)[0m  [1m[34mSELECT `schema_migrations`.`version` FROM `schema_migrations` ORDER BY `schema_migrations`.`version` ASC[0m
Migrating to CreateUsers (20171102200019)
  [1m[35m (366.9ms)[0m  [1m[35mCREATE TABLE `users` (`id` bigint NOT NULL AUTO_INCREMENT PRIMARY KEY, `first_name` varchar(25), `last_name` varchar(50), `email` varchar(255) DEFAULT '' NOT NULL, `password` varchar(40), `created_at` datetime NOT NULL, `updated_at` datetime NOT NULL) ENGINE=InnoDB[0m
  [1m[35m (0.5ms)[0m  [1m[35mBEGIN[0m
  [1m[35mSQL (0.7ms)[0m  [1m[32mINSERT INTO `schema_migrations` (`version`) VALUES ('20171102200019')[0m
  [1m[35m (44.6ms)[0m  [1m[35mCOMMIT[0m
  [1m[36mActiveRecord::InternalMetadata Load (31.0ms)[0m  [1m[34mSELECT  `ar_internal_metadata`.* FROM `ar_internal_metadata` WHERE `ar_internal_metadata`.`key` = 'environment' LIMIT 1[0m
  [1m[35m (0.4ms)[0m  [1m[35mBEGIN[0m
  [1m[35m (0.3ms)[0m  [1m[35mCOMMIT[0m
  [1m[35m (0.4ms)[0m  [1m[34mSELECT RELEASE_LOCK(8363530219080587145)[0m
  [1m[35m (0.5ms)[0m  [1m[34mSELECT `schema_migrations`.`version` FROM `schema_migrations` ORDER BY `schema_migrations`.`version` ASC[0m
DEPRECATION WARNING: Using a dynamic :controller segment in a route is deprecated and will be removed in Rails 5.2. (called from block in <top (required)> at /home/webdev/Sites/simple_cms/config/routes.rb:12)
DEPRECATION WARNING: Using a dynamic :action segment in a route is deprecated and will be removed in Rails 5.2. (called from block in <top (required)> at /home/webdev/Sites/simple_cms/config/routes.rb:12)
DEPRECATION WARNING: Using a dynamic :controller segment in a route is deprecated and will be removed in Rails 5.2. (called from block in <top (required)> at /home/webdev/Sites/simple_cms/config/routes.rb:12)
DEPRECATION WARNING: Using a dynamic :action segment in a route is deprecated and will be removed in Rails 5.2. (called from block in <top (required)> at /home/webdev/Sites/simple_cms/config/routes.rb:12)
DEPRECATION WARNING: Using a dynamic :controller segment in a route is deprecated and will be removed in Rails 5.2. (called from block in <top (required)> at /home/webdev/Sites/simple_cms/config/routes.rb:12)
DEPRECATION WARNING: Using a dynamic :action segment in a route is deprecated and will be removed in Rails 5.2. (called from block in <top (required)> at /home/webdev/Sites/simple_cms/config/routes.rb:12)
  [1m[35m (0.2ms)[0m  [1m[35mSET NAMES utf8,  @@SESSION.sql_mode = CONCAT(CONCAT(@@sql_mode, ',STRICT_ALL_TABLES'), ',NO_AUTO_VALUE_ON_ZERO'),  @@SESSION.sql_auto_is_null = 0, @@SESSION.wait_timeout = 2147483[0m
  [1m[35m (0.2ms)[0m  [1m[34mSELECT `schema_migrations`.`version` FROM `schema_migrations` ORDER BY `schema_migrations`.`version` ASC[0m
  [1m[35m (0.2ms)[0m  [1m[34mSELECT `schema_migrations`.`version` FROM `schema_migrations` ORDER BY `schema_migrations`.`version` ASC[0m
  [1m[35m (398.6ms)[0m  [1m[35mCREATE TABLE `ar_internal_metadata` (`key` varchar(255) NOT NULL PRIMARY KEY, `value` varchar(255), `created_at` datetime NOT NULL, `updated_at` datetime NOT NULL) ENGINE=InnoDB[0m
  [1m[35m (0.3ms)[0m  [1m[34mSELECT GET_LOCK(8363530219080587145, 0)[0m
  [1m[35m (0.7ms)[0m  [1m[34mSELECT `schema_migrations`.`version` FROM `schema_migrations` ORDER BY `schema_migrations`.`version` ASC[0m
Migrating to CreateUsers (20171102200019)
  [1m[35m (169.7ms)[0m  [1m[35mDROP TABLE `users`[0m
  [1m[35mSQL (32.5ms)[0m  [1m[31mDELETE FROM `schema_migrations` WHERE `schema_migrations`.`version` = '20171102200019'[0m
Migrating to DoNothingYet (20171102151423)
  [1m[35mSQL (32.1ms)[0m  [1m[31mDELETE FROM `schema_migrations` WHERE `schema_migrations`.`version` = '20171102151423'[0m
  [1m[35m (0.2ms)[0m  [1m[34mSELECT RELEASE_LOCK(8363530219080587145)[0m
  [1m[35m (0.3ms)[0m  [1m[34mSELECT `schema_migrations`.`version` FROM `schema_migrations` ORDER BY `schema_migrations`.`version` ASC[0m
DEPRECATION WARNING: Using a dynamic :controller segment in a route is deprecated and will be removed in Rails 5.2. (called from block in <top (required)> at /home/webdev/Sites/simple_cms/config/routes.rb:12)
DEPRECATION WARNING: Using a dynamic :action segment in a route is deprecated and will be removed in Rails 5.2. (called from block in <top (required)> at /home/webdev/Sites/simple_cms/config/routes.rb:12)
  [1m[35m (0.3ms)[0m  [1m[35mSET NAMES utf8,  @@SESSION.sql_mode = CONCAT(CONCAT(@@sql_mode, ',STRICT_ALL_TABLES'), ',NO_AUTO_VALUE_ON_ZERO'),  @@SESSION.sql_auto_is_null = 0, @@SESSION.wait_timeout = 2147483[0m
  [1m[35m (0.3ms)[0m  [1m[34mSELECT `schema_migrations`.`version` FROM `schema_migrations` ORDER BY `schema_migrations`.`version` ASC[0m
DEPRECATION WARNING: Using a dynamic :controller segment in a route is deprecated and will be removed in Rails 5.2. (called from block in <top (required)> at /home/webdev/Sites/simple_cms/config/routes.rb:12)
DEPRECATION WARNING: Using a dynamic :action segment in a route is deprecated and will be removed in Rails 5.2. (called from block in <top (required)> at /home/webdev/Sites/simple_cms/config/routes.rb:12)
  [1m[35m (0.4ms)[0m  [1m[35mSET NAMES utf8,  @@SESSION.sql_mode = CONCAT(CONCAT(@@sql_mode, ',STRICT_ALL_TABLES'), ',NO_AUTO_VALUE_ON_ZERO'),  @@SESSION.sql_auto_is_null = 0, @@SESSION.wait_timeout = 2147483[0m
  [1m[35m (0.2ms)[0m  [1m[34mSELECT `schema_migrations`.`version` FROM `schema_migrations` ORDER BY `schema_migrations`.`version` ASC[0m
  [1m[35m (0.2ms)[0m  [1m[34mSELECT `schema_migrations`.`version` FROM `schema_migrations` ORDER BY `schema_migrations`.`version` ASC[0m
  [1m[35m (0.1ms)[0m  [1m[34mSELECT GET_LOCK(8363530219080587145, 0)[0m
  [1m[35m (0.2ms)[0m  [1m[34mSELECT `schema_migrations`.`version` FROM `schema_migrations` ORDER BY `schema_migrations`.`version` ASC[0m
Migrating to DoNothingYet (20171102151423)
  [1m[35m (0.1ms)[0m  [1m[35mBEGIN[0m
  [1m[35mSQL (0.2ms)[0m  [1m[32mINSERT INTO `schema_migrations` (`version`) VALUES ('20171102151423')[0m
  [1m[35m (514.7ms)[0m  [1m[35mCOMMIT[0m
  [1m[36mActiveRecord::InternalMetadata Load (0.7ms)[0m  [1m[34mSELECT  `ar_internal_metadata`.* FROM `ar_internal_metadata` WHERE `ar_internal_metadata`.`key` = 'environment' LIMIT 1[0m
  [1m[35m (0.3ms)[0m  [1m[35mBEGIN[0m
  [1m[35mSQL (0.6ms)[0m  [1m[32mINSERT INTO `ar_internal_metadata` (`key`, `value`, `created_at`, `updated_at`) VALUES ('environment', 'development', '2017-11-02 20:43:55', '2017-11-02 20:43:55')[0m
  [1m[35m (40.1ms)[0m  [1m[35mCOMMIT[0m
  [1m[35m (0.6ms)[0m  [1m[34mSELECT RELEASE_LOCK(8363530219080587145)[0m
  [1m[35m (0.8ms)[0m  [1m[34mSELECT `schema_migrations`.`version` FROM `schema_migrations` ORDER BY `schema_migrations`.`version` ASC[0m
DEPRECATION WARNING: Using a dynamic :controller segment in a route is deprecated and will be removed in Rails 5.2. (called from block in <top (required)> at /home/webdev/Sites/simple_cms/config/routes.rb:12)
DEPRECATION WARNING: Using a dynamic :action segment in a route is deprecated and will be removed in Rails 5.2. (called from block in <top (required)> at /home/webdev/Sites/simple_cms/config/routes.rb:12)
  [1m[35m (0.3ms)[0m  [1m[35mSET NAMES utf8,  @@SESSION.sql_mode = CONCAT(CONCAT(@@sql_mode, ',STRICT_ALL_TABLES'), ',NO_AUTO_VALUE_ON_ZERO'),  @@SESSION.sql_auto_is_null = 0, @@SESSION.wait_timeout = 2147483[0m
  [1m[35m (0.1ms)[0m  [1m[34mSELECT GET_LOCK(8363530219080587145, 0)[0m
  [1m[35m (0.3ms)[0m  [1m[34mSELECT `schema_migrations`.`version` FROM `schema_migrations` ORDER BY `schema_migrations`.`version` ASC[0m
Migrating to CreateUsers (20171102200019)
  [1m[35m (510.3ms)[0m  [1m[35mCREATE TABLE `users` (`id` bigint NOT NULL AUTO_INCREMENT PRIMARY KEY, `first_name` varchar(25), `last_name` varchar(50), `email` varchar(255) DEFAULT '' NOT NULL, `password` varchar(40), `created_at` datetime NOT NULL, `updated_at` datetime NOT NULL) ENGINE=InnoDB[0m
  [1m[35m (0.3ms)[0m  [1m[35mBEGIN[0m
  [1m[35mSQL (0.4ms)[0m  [1m[32mINSERT INTO `schema_migrations` (`version`) VALUES ('20171102200019')[0m
  [1m[35m (82.5ms)[0m  [1m[35mCOMMIT[0m
  [1m[36mActiveRecord::InternalMetadata Load (0.4ms)[0m  [1m[34mSELECT  `ar_internal_metadata`.* FROM `ar_internal_metadata` WHERE `ar_internal_metadata`.`key` = 'environment' LIMIT 1[0m
  [1m[35m (0.2ms)[0m  [1m[35mBEGIN[0m
  [1m[35m (0.1ms)[0m  [1m[35mCOMMIT[0m
  [1m[35m (0.2ms)[0m  [1m[34mSELECT RELEASE_LOCK(8363530219080587145)[0m
  [1m[35m (0.3ms)[0m  [1m[34mSELECT `schema_migrations`.`version` FROM `schema_migrations` ORDER BY `schema_migrations`.`version` ASC[0m
DEPRECATION WARNING: Using a dynamic :controller segment in a route is deprecated and will be removed in Rails 5.2. (called from block in <top (required)> at /home/webdev/Sites/simple_cms/config/routes.rb:12)
DEPRECATION WARNING: Using a dynamic :action segment in a route is deprecated and will be removed in Rails 5.2. (called from block in <top (required)> at /home/webdev/Sites/simple_cms/config/routes.rb:12)
DEPRECATION WARNING: Using a dynamic :controller segment in a route is deprecated and will be removed in Rails 5.2. (called from block in <top (required)> at /home/webdev/Sites/simple_cms/config/routes.rb:12)
DEPRECATION WARNING: Using a dynamic :action segment in a route is deprecated and will be removed in Rails 5.2. (called from block in <top (required)> at /home/webdev/Sites/simple_cms/config/routes.rb:12)
  [1m[35m (42.8ms)[0m  [1m[35mSET NAMES utf8,  @@SESSION.sql_mode = CONCAT(CONCAT(@@sql_mode, ',STRICT_ALL_TABLES'), ',NO_AUTO_VALUE_ON_ZERO'),  @@SESSION.sql_auto_is_null = 0, @@SESSION.wait_timeout = 2147483[0m
  [1m[35m (0.4ms)[0m  [1m[34mSELECT GET_LOCK(8363530219080587145, 0)[0m
  [1m[35m (0.6ms)[0m  [1m[34mSELECT `schema_migrations`.`version` FROM `schema_migrations` ORDER BY `schema_migrations`.`version` ASC[0m
Migrating to AlterUsers (20171103074403)
  [1m[35m (126.7ms)[0m  [1m[35mRENAME TABLE `users` TO `admin_users`[0m
  [1m[35m (613.9ms)[0m  [1m[35mALTER TABLE `admin_users` ADD `username` varchar(25) AFTER `email`[0m
  [1m[35m (747.7ms)[0m  [1m[35mALTER TABLE `admin_users` CHANGE `email` `email` varchar(100) DEFAULT '' NOT NULL[0m
  [1m[35m (141.0ms)[0m  [1m[35mALTER TABLE `admin_users` CHANGE `password` `hashed_password` varchar(40) DEFAULT NULL[0m
  [1m[35m (408.8ms)[0m  [1m[35mCREATE  INDEX `index_admin_users_on_username`  ON `admin_users` (`username`) [0m
  [1m[35m (0.3ms)[0m  [1m[35mBEGIN[0m
  [1m[35mSQL (0.9ms)[0m  [1m[32mINSERT INTO `schema_migrations` (`version`) VALUES ('20171103074403')[0m
  [1m[35m (49.3ms)[0m  [1m[35mCOMMIT[0m
  [1m[36mActiveRecord::InternalMetadata Load (0.6ms)[0m  [1m[34mSELECT  `ar_internal_metadata`.* FROM `ar_internal_metadata` WHERE `ar_internal_metadata`.`key` = 'environment' LIMIT 1[0m
  [1m[35m (0.2ms)[0m  [1m[35mBEGIN[0m
  [1m[35m (0.2ms)[0m  [1m[35mCOMMIT[0m
  [1m[35m (0.2ms)[0m  [1m[34mSELECT RELEASE_LOCK(8363530219080587145)[0m
  [1m[35m (0.4ms)[0m  [1m[34mSELECT `schema_migrations`.`version` FROM `schema_migrations` ORDER BY `schema_migrations`.`version` ASC[0m
DEPRECATION WARNING: Using a dynamic :controller segment in a route is deprecated and will be removed in Rails 5.2. (called from block in <top (required)> at /home/webdev/Sites/simple_cms/config/routes.rb:12)
DEPRECATION WARNING: Using a dynamic :action segment in a route is deprecated and will be removed in Rails 5.2. (called from block in <top (required)> at /home/webdev/Sites/simple_cms/config/routes.rb:12)
  [1m[35m (0.3ms)[0m  [1m[35mSET NAMES utf8,  @@SESSION.sql_mode = CONCAT(CONCAT(@@sql_mode, ',STRICT_ALL_TABLES'), ',NO_AUTO_VALUE_ON_ZERO'),  @@SESSION.sql_auto_is_null = 0, @@SESSION.wait_timeout = 2147483[0m
  [1m[35m (0.4ms)[0m  [1m[34mSELECT `schema_migrations`.`version` FROM `schema_migrations` ORDER BY `schema_migrations`.`version` ASC[0m
  [1m[35m (0.3ms)[0m  [1m[34mSELECT `schema_migrations`.`version` FROM `schema_migrations` ORDER BY `schema_migrations`.`version` ASC[0m
  [1m[35m (0.1ms)[0m  [1m[34mSELECT GET_LOCK(8363530219080587145, 0)[0m
  [1m[35m (0.3ms)[0m  [1m[34mSELECT `schema_migrations`.`version` FROM `schema_migrations` ORDER BY `schema_migrations`.`version` ASC[0m
Migrating to AlterUsers (20171103074403)
  [1m[35m (310.7ms)[0m  [1m[35mDROP INDEX `index_admin_users_on_username` ON `admin_users`[0m
  [1m[35m (78.3ms)[0m  [1m[35mALTER TABLE `admin_users` CHANGE `hashed_password` `password` varchar(40) DEFAULT NULL[0m
  [1m[35m (99.3ms)[0m  [1m[35mALTER TABLE `admin_users` CHANGE `email` `email` varchar(255) DEFAULT '' NOT NULL[0m
  [1m[35m (548.2ms)[0m  [1m[35mALTER TABLE `admin_users` DROP `username`[0m
  [1m[35m (100.1ms)[0m  [1m[35mRENAME TABLE `admin_users` TO `users`[0m
  [1m[35mSQL (32.1ms)[0m  [1m[31mDELETE FROM `schema_migrations` WHERE `schema_migrations`.`version` = '20171103074403'[0m
Migrating to CreateUsers (20171102200019)
  [1m[35m (200.6ms)[0m  [1m[35mDROP TABLE `users`[0m
  [1m[35mSQL (43.9ms)[0m  [1m[31mDELETE FROM `schema_migrations` WHERE `schema_migrations`.`version` = '20171102200019'[0m
Migrating to DoNothingYet (20171102151423)
  [1m[35mSQL (37.3ms)[0m  [1m[31mDELETE FROM `schema_migrations` WHERE `schema_migrations`.`version` = '20171102151423'[0m
  [1m[35m (0.3ms)[0m  [1m[34mSELECT RELEASE_LOCK(8363530219080587145)[0m
  [1m[35m (0.5ms)[0m  [1m[34mSELECT `schema_migrations`.`version` FROM `schema_migrations` ORDER BY `schema_migrations`.`version` ASC[0m
DEPRECATION WARNING: Using a dynamic :controller segment in a route is deprecated and will be removed in Rails 5.2. (called from block in <top (required)> at /home/webdev/Sites/simple_cms/config/routes.rb:12)
DEPRECATION WARNING: Using a dynamic :action segment in a route is deprecated and will be removed in Rails 5.2. (called from block in <top (required)> at /home/webdev/Sites/simple_cms/config/routes.rb:12)
  [1m[35m (0.2ms)[0m  [1m[35mSET NAMES utf8,  @@SESSION.sql_mode = CONCAT(CONCAT(@@sql_mode, ',STRICT_ALL_TABLES'), ',NO_AUTO_VALUE_ON_ZERO'),  @@SESSION.sql_auto_is_null = 0, @@SESSION.wait_timeout = 2147483[0m
  [1m[35m (0.1ms)[0m  [1m[34mSELECT GET_LOCK(8363530219080587145, 0)[0m
  [1m[35m (0.2ms)[0m  [1m[34mSELECT `schema_migrations`.`version` FROM `schema_migrations` ORDER BY `schema_migrations`.`version` ASC[0m
Migrating to DoNothingYet (20171102151423)
  [1m[35m (0.1ms)[0m  [1m[35mBEGIN[0m
  [1m[35mSQL (0.2ms)[0m  [1m[32mINSERT INTO `schema_migrations` (`version`) VALUES ('20171102151423')[0m
  [1m[35m (696.7ms)[0m  [1m[35mCOMMIT[0m
Migrating to CreateUsers (20171102200019)
  [1m[35m (375.3ms)[0m  [1m[35mCREATE TABLE `users` (`id` bigint NOT NULL AUTO_INCREMENT PRIMARY KEY, `first_name` varchar(25), `last_name` varchar(50), `email` varchar(255) DEFAULT '' NOT NULL, `password` varchar(40), `created_at` datetime NOT NULL, `updated_at` datetime NOT NULL) ENGINE=InnoDB[0m
  [1m[35m (0.4ms)[0m  [1m[35mBEGIN[0m
  [1m[35mSQL (0.5ms)[0m  [1m[32mINSERT INTO `schema_migrations` (`version`) VALUES ('20171102200019')[0m
  [1m[35m (63.4ms)[0m  [1m[35mCOMMIT[0m
Migrating to AlterUsers (20171103074403)
  [1m[35m (121.5ms)[0m  [1m[35mRENAME TABLE `users` TO `admin_users`[0m
  [1m[35m (514.2ms)[0m  [1m[35mALTER TABLE `admin_users` ADD `username` varchar(25) AFTER `email`[0m
  [1m[35m (2773.4ms)[0m  [1m[35mALTER TABLE `admin_users` CHANGE `email` `email` varchar(100) DEFAULT '' NOT NULL[0m
  [1m[35m (98.1ms)[0m  [1m[35mALTER TABLE `admin_users` CHANGE `password` `hashed_password` varchar(40) DEFAULT NULL[0m
  [1m[35m (287.9ms)[0m  [1m[35mCREATE  INDEX `index_admin_users_on_username`  ON `admin_users` (`username`) [0m
  [1m[35m (0.2ms)[0m  [1m[35mBEGIN[0m
  [1m[35mSQL (0.3ms)[0m  [1m[32mINSERT INTO `schema_migrations` (`version`) VALUES ('20171103074403')[0m
  [1m[35m (43.5ms)[0m  [1m[35mCOMMIT[0m
  [1m[36mActiveRecord::InternalMetadata Load (0.5ms)[0m  [1m[34mSELECT  `ar_internal_metadata`.* FROM `ar_internal_metadata` WHERE `ar_internal_metadata`.`key` = 'environment' LIMIT 1[0m
  [1m[35m (0.2ms)[0m  [1m[35mBEGIN[0m
  [1m[35m (0.1ms)[0m  [1m[35mCOMMIT[0m
  [1m[35m (0.2ms)[0m  [1m[34mSELECT RELEASE_LOCK(8363530219080587145)[0m
  [1m[35m (0.4ms)[0m  [1m[34mSELECT `schema_migrations`.`version` FROM `schema_migrations` ORDER BY `schema_migrations`.`version` ASC[0m
DEPRECATION WARNING: Using a dynamic :controller segment in a route is deprecated and will be removed in Rails 5.2. (called from block in <top (required)> at /home/webdev/Sites/simple_cms/config/routes.rb:12)
DEPRECATION WARNING: Using a dynamic :action segment in a route is deprecated and will be removed in Rails 5.2. (called from block in <top (required)> at /home/webdev/Sites/simple_cms/config/routes.rb:12)
DEPRECATION WARNING: Using a dynamic :controller segment in a route is deprecated and will be removed in Rails 5.2. (called from block in <top (required)> at /home/webdev/Sites/simple_cms/config/routes.rb:12)
DEPRECATION WARNING: Using a dynamic :action segment in a route is deprecated and will be removed in Rails 5.2. (called from block in <top (required)> at /home/webdev/Sites/simple_cms/config/routes.rb:12)
DEPRECATION WARNING: Using a dynamic :controller segment in a route is deprecated and will be removed in Rails 5.2. (called from block in <top (required)> at /home/webdev/Sites/simple_cms/config/routes.rb:12)
DEPRECATION WARNING: Using a dynamic :action segment in a route is deprecated and will be removed in Rails 5.2. (called from block in <top (required)> at /home/webdev/Sites/simple_cms/config/routes.rb:12)
DEPRECATION WARNING: Using a dynamic :controller segment in a route is deprecated and will be removed in Rails 5.2. (called from block in <top (required)> at /home/webdev/Sites/simple_cms/config/routes.rb:12)
DEPRECATION WARNING: Using a dynamic :action segment in a route is deprecated and will be removed in Rails 5.2. (called from block in <top (required)> at /home/webdev/Sites/simple_cms/config/routes.rb:12)
  [1m[35m (0.4ms)[0m  [1m[35mSET NAMES utf8,  @@SESSION.sql_mode = CONCAT(CONCAT(@@sql_mode, ',STRICT_ALL_TABLES'), ',NO_AUTO_VALUE_ON_ZERO'),  @@SESSION.sql_auto_is_null = 0, @@SESSION.wait_timeout = 2147483[0m
  [1m[35m (0.1ms)[0m  [1m[34mSELECT GET_LOCK(8363530219080587145, 0)[0m
  [1m[35m (0.3ms)[0m  [1m[34mSELECT `schema_migrations`.`version` FROM `schema_migrations` ORDER BY `schema_migrations`.`version` ASC[0m
Migrating to CreateSubjects (20171103081613)
  [1m[35m (343.9ms)[0m  [1m[35mCREATE TABLE `subjects` (`id` bigint NOT NULL AUTO_INCREMENT PRIMARY KEY, `name` varchar(255), `position` int, `visible` tinyint(1) DEFAULT 0, `created_at` datetime NOT NULL, `updated_at` datetime NOT NULL) ENGINE=InnoDB[0m
  [1m[35m (0.4ms)[0m  [1m[35mBEGIN[0m
  [1m[35mSQL (0.7ms)[0m  [1m[32mINSERT INTO `schema_migrations` (`version`) VALUES ('20171103081613')[0m
  [1m[35m (67.1ms)[0m  [1m[35mCOMMIT[0m
Migrating to CreatePages (20171103081622)
  [1m[35m (322.6ms)[0m  [1m[35mCREATE TABLE `pages` (`id` bigint NOT NULL AUTO_INCREMENT PRIMARY KEY, `created_at` datetime NOT NULL, `updated_at` datetime NOT NULL) ENGINE=InnoDB[0m
  [1m[35m (0.4ms)[0m  [1m[35mBEGIN[0m
  [1m[35mSQL (0.5ms)[0m  [1m[32mINSERT INTO `schema_migrations` (`version`) VALUES ('20171103081622')[0m
  [1m[35m (41.1ms)[0m  [1m[35mCOMMIT[0m
Migrating to CreateSections (20171103081630)
  [1m[35m (289.6ms)[0m  [1m[35mCREATE TABLE `sections` (`id` bigint NOT NULL AUTO_INCREMENT PRIMARY KEY, `created_at` datetime NOT NULL, `updated_at` datetime NOT NULL) ENGINE=InnoDB[0m
  [1m[35m (0.4ms)[0m  [1m[35mBEGIN[0m
  [1m[35mSQL (0.5ms)[0m  [1m[32mINSERT INTO `schema_migrations` (`version`) VALUES ('20171103081630')[0m
  [1m[35m (52.8ms)[0m  [1m[35mCOMMIT[0m
  [1m[36mActiveRecord::InternalMetadata Load (0.9ms)[0m  [1m[34mSELECT  `ar_internal_metadata`.* FROM `ar_internal_metadata` WHERE `ar_internal_metadata`.`key` = 'environment' LIMIT 1[0m
  [1m[35m (0.4ms)[0m  [1m[35mBEGIN[0m
  [1m[35m (0.4ms)[0m  [1m[35mCOMMIT[0m
  [1m[35m (0.4ms)[0m  [1m[34mSELECT RELEASE_LOCK(8363530219080587145)[0m
  [1m[35m (0.6ms)[0m  [1m[34mSELECT `schema_migrations`.`version` FROM `schema_migrations` ORDER BY `schema_migrations`.`version` ASC[0m
DEPRECATION WARNING: Using a dynamic :controller segment in a route is deprecated and will be removed in Rails 5.2. (called from block in <top (required)> at /home/webdev/Sites/simple_cms/config/routes.rb:12)
DEPRECATION WARNING: Using a dynamic :action segment in a route is deprecated and will be removed in Rails 5.2. (called from block in <top (required)> at /home/webdev/Sites/simple_cms/config/routes.rb:12)
  [1m[35m (0.3ms)[0m  [1m[35mSET NAMES utf8,  @@SESSION.sql_mode = CONCAT(CONCAT(@@sql_mode, ',STRICT_ALL_TABLES'), ',NO_AUTO_VALUE_ON_ZERO'),  @@SESSION.sql_auto_is_null = 0, @@SESSION.wait_timeout = 2147483[0m
  [1m[35m (0.3ms)[0m  [1m[34mSELECT `schema_migrations`.`version` FROM `schema_migrations` ORDER BY `schema_migrations`.`version` ASC[0m
DEPRECATION WARNING: Using a dynamic :controller segment in a route is deprecated and will be removed in Rails 5.2. (called from block in <top (required)> at /home/webdev/Sites/simple_cms/config/routes.rb:12)
DEPRECATION WARNING: Using a dynamic :action segment in a route is deprecated and will be removed in Rails 5.2. (called from block in <top (required)> at /home/webdev/Sites/simple_cms/config/routes.rb:12)
  [1m[35m (0.4ms)[0m  [1m[35mSET NAMES utf8,  @@SESSION.sql_mode = CONCAT(CONCAT(@@sql_mode, ',STRICT_ALL_TABLES'), ',NO_AUTO_VALUE_ON_ZERO'),  @@SESSION.sql_auto_is_null = 0, @@SESSION.wait_timeout = 2147483[0m
  [1m[35m (0.3ms)[0m  [1m[34mSELECT `schema_migrations`.`version` FROM `schema_migrations` ORDER BY `schema_migrations`.`version` ASC[0m
  [1m[35m (0.2ms)[0m  [1m[34mSELECT `schema_migrations`.`version` FROM `schema_migrations` ORDER BY `schema_migrations`.`version` ASC[0m
  [1m[35m (0.1ms)[0m  [1m[34mSELECT GET_LOCK(8363530219080587145, 0)[0m
  [1m[35m (0.2ms)[0m  [1m[34mSELECT `schema_migrations`.`version` FROM `schema_migrations` ORDER BY `schema_migrations`.`version` ASC[0m
Migrating to CreateSections (20171103081630)
  [1m[35m (175.5ms)[0m  [1m[35mDROP TABLE `sections`[0m
  [1m[35mSQL (44.5ms)[0m  [1m[31mDELETE FROM `schema_migrations` WHERE `schema_migrations`.`version` = '20171103081630'[0m
Migrating to CreatePages (20171103081622)
  [1m[35m (178.2ms)[0m  [1m[35mDROP TABLE `pages`[0m
  [1m[35mSQL (32.2ms)[0m  [1m[31mDELETE FROM `schema_migrations` WHERE `schema_migrations`.`version` = '20171103081622'[0m
Migrating to CreateSubjects (20171103081613)
  [1m[35m (201.2ms)[0m  [1m[35mDROP TABLE `subjects`[0m
  [1m[35mSQL (33.0ms)[0m  [1m[31mDELETE FROM `schema_migrations` WHERE `schema_migrations`.`version` = '20171103081613'[0m
Migrating to AlterUsers (20171103074403)
  [1m[35m (168.5ms)[0m  [1m[35mDROP INDEX `index_admin_users_on_username` ON `admin_users`[0m
  [1m[35m (83.0ms)[0m  [1m[35mALTER TABLE `admin_users` CHANGE `hashed_password` `password` varchar(40) DEFAULT NULL[0m
  [1m[35m (86.2ms)[0m  [1m[35mALTER TABLE `admin_users` CHANGE `email` `email` varchar(255) DEFAULT '' NOT NULL[0m
  [1m[35m (524.9ms)[0m  [1m[35mALTER TABLE `admin_users` DROP `username`[0m
  [1m[35m (100.2ms)[0m  [1m[35mRENAME TABLE `admin_users` TO `users`[0m
  [1m[35mSQL (32.6ms)[0m  [1m[31mDELETE FROM `schema_migrations` WHERE `schema_migrations`.`version` = '20171103074403'[0m
Migrating to CreateUsers (20171102200019)
  [1m[35m (133.5ms)[0m  [1m[35mDROP TABLE `users`[0m
  [1m[35mSQL (33.5ms)[0m  [1m[31mDELETE FROM `schema_migrations` WHERE `schema_migrations`.`version` = '20171102200019'[0m
Migrating to DoNothingYet (20171102151423)
  [1m[35mSQL (32.4ms)[0m  [1m[31mDELETE FROM `schema_migrations` WHERE `schema_migrations`.`version` = '20171102151423'[0m
  [1m[35m (0.5ms)[0m  [1m[34mSELECT RELEASE_LOCK(8363530219080587145)[0m
  [1m[35m (0.6ms)[0m  [1m[34mSELECT `schema_migrations`.`version` FROM `schema_migrations` ORDER BY `schema_migrations`.`version` ASC[0m
DEPRECATION WARNING: Using a dynamic :controller segment in a route is deprecated and will be removed in Rails 5.2. (called from block in <top (required)> at /home/webdev/Sites/simple_cms/config/routes.rb:12)
DEPRECATION WARNING: Using a dynamic :action segment in a route is deprecated and will be removed in Rails 5.2. (called from block in <top (required)> at /home/webdev/Sites/simple_cms/config/routes.rb:12)
  [1m[35m (0.3ms)[0m  [1m[35mSET NAMES utf8,  @@SESSION.sql_mode = CONCAT(CONCAT(@@sql_mode, ',STRICT_ALL_TABLES'), ',NO_AUTO_VALUE_ON_ZERO'),  @@SESSION.sql_auto_is_null = 0, @@SESSION.wait_timeout = 2147483[0m
  [1m[35m (0.2ms)[0m  [1m[34mSELECT GET_LOCK(8363530219080587145, 0)[0m
  [1m[35m (0.3ms)[0m  [1m[34mSELECT `schema_migrations`.`version` FROM `schema_migrations` ORDER BY `schema_migrations`.`version` ASC[0m
Migrating to DoNothingYet (20171102151423)
  [1m[35m (0.2ms)[0m  [1m[35mBEGIN[0m
  [1m[35mSQL (0.3ms)[0m  [1m[32mINSERT INTO `schema_migrations` (`version`) VALUES ('20171102151423')[0m
  [1m[35m (57.0ms)[0m  [1m[35mCOMMIT[0m
Migrating to CreateUsers (20171102200019)
  [1m[35m (321.8ms)[0m  [1m[35mCREATE TABLE `users` (`id` bigint NOT NULL AUTO_INCREMENT PRIMARY KEY, `first_name` varchar(25), `last_name` varchar(50), `email` varchar(255) DEFAULT '' NOT NULL, `password` varchar(40), `created_at` datetime NOT NULL, `updated_at` datetime NOT NULL) ENGINE=InnoDB[0m
  [1m[35m (0.4ms)[0m  [1m[35mBEGIN[0m
  [1m[35mSQL (0.7ms)[0m  [1m[32mINSERT INTO `schema_migrations` (`version`) VALUES ('20171102200019')[0m
  [1m[35m (29.0ms)[0m  [1m[35mCOMMIT[0m
Migrating to AlterUsers (20171103074403)
  [1m[35m (98.5ms)[0m  [1m[35mRENAME TABLE `users` TO `admin_users`[0m
  [1m[35m (513.7ms)[0m  [1m[35mALTER TABLE `admin_users` ADD `username` varchar(25) AFTER `email`[0m
  [1m[35m (738.2ms)[0m  [1m[35mALTER TABLE `admin_users` CHANGE `email` `email` varchar(100) DEFAULT '' NOT NULL[0m
  [1m[35m (88.2ms)[0m  [1m[35mALTER TABLE `admin_users` CHANGE `password` `hashed_password` varchar(40) DEFAULT NULL[0m
  [1m[35m (242.0ms)[0m  [1m[35mCREATE  INDEX `index_admin_users_on_username`  ON `admin_users` (`username`) [0m
  [1m[35m (0.3ms)[0m  [1m[35mBEGIN[0m
  [1m[35mSQL (0.6ms)[0m  [1m[32mINSERT INTO `schema_migrations` (`version`) VALUES ('20171103074403')[0m
  [1m[35m (42.0ms)[0m  [1m[35mCOMMIT[0m
Migrating to CreateSubjects (20171103081613)
  [1m[35m (323.7ms)[0m  [1m[35mCREATE TABLE `subjects` (`id` bigint NOT NULL AUTO_INCREMENT PRIMARY KEY, `name` varchar(255), `position` int, `visible` tinyint(1) DEFAULT 0, `created_at` datetime NOT NULL, `updated_at` datetime NOT NULL) ENGINE=InnoDB[0m
  [1m[35m (0.4ms)[0m  [1m[35mBEGIN[0m
  [1m[35mSQL (0.7ms)[0m  [1m[32mINSERT INTO `schema_migrations` (`version`) VALUES ('20171103081613')[0m
  [1m[35m (40.2ms)[0m  [1m[35mCOMMIT[0m
Migrating to CreatePages (20171103081622)
  [1m[35m (333.8ms)[0m  [1m[35mCREATE TABLE `pages` (`id` bigint NOT NULL AUTO_INCREMENT PRIMARY KEY, `created_at` datetime NOT NULL, `updated_at` datetime NOT NULL) ENGINE=InnoDB[0m
  [1m[35m (0.5ms)[0m  [1m[35mBEGIN[0m
  [1m[35mSQL (0.7ms)[0m  [1m[32mINSERT INTO `schema_migrations` (`version`) VALUES ('20171103081622')[0m
  [1m[35m (29.3ms)[0m  [1m[35mCOMMIT[0m
Migrating to CreateSections (20171103081630)
  [1m[35m (311.1ms)[0m  [1m[35mCREATE TABLE `sections` (`id` bigint NOT NULL AUTO_INCREMENT PRIMARY KEY, `created_at` datetime NOT NULL, `updated_at` datetime NOT NULL) ENGINE=InnoDB[0m
  [1m[35m (0.3ms)[0m  [1m[35mBEGIN[0m
  [1m[35mSQL (0.6ms)[0m  [1m[32mINSERT INTO `schema_migrations` (`version`) VALUES ('20171103081630')[0m
  [1m[35m (30.5ms)[0m  [1m[35mCOMMIT[0m
  [1m[36mActiveRecord::InternalMetadata Load (0.9ms)[0m  [1m[34mSELECT  `ar_internal_metadata`.* FROM `ar_internal_metadata` WHERE `ar_internal_metadata`.`key` = 'environment' LIMIT 1[0m
  [1m[35m (0.4ms)[0m  [1m[35mBEGIN[0m
  [1m[35m (0.3ms)[0m  [1m[35mCOMMIT[0m
  [1m[35m (0.5ms)[0m  [1m[34mSELECT RELEASE_LOCK(8363530219080587145)[0m
  [1m[35m (0.6ms)[0m  [1m[34mSELECT `schema_migrations`.`version` FROM `schema_migrations` ORDER BY `schema_migrations`.`version` ASC[0m
DEPRECATION WARNING: Using a dynamic :controller segment in a route is deprecated and will be removed in Rails 5.2. (called from block in <top (required)> at /home/webdev/Sites/simple_cms/config/routes.rb:12)
DEPRECATION WARNING: Using a dynamic :action segment in a route is deprecated and will be removed in Rails 5.2. (called from block in <top (required)> at /home/webdev/Sites/simple_cms/config/routes.rb:12)
  [1m[35m (0.4ms)[0m  [1m[35mSET NAMES utf8,  @@SESSION.sql_mode = CONCAT(CONCAT(@@sql_mode, ',STRICT_ALL_TABLES'), ',NO_AUTO_VALUE_ON_ZERO'),  @@SESSION.sql_auto_is_null = 0, @@SESSION.wait_timeout = 2147483[0m
  [1m[35m (0.2ms)[0m  [1m[34mSELECT `schema_migrations`.`version` FROM `schema_migrations` ORDER BY `schema_migrations`.`version` ASC[0m
DEPRECATION WARNING: Using a dynamic :controller segment in a route is deprecated and will be removed in Rails 5.2. (called from block in <top (required)> at /home/webdev/Sites/simple_cms/config/routes.rb:12)
DEPRECATION WARNING: Using a dynamic :action segment in a route is deprecated and will be removed in Rails 5.2. (called from block in <top (required)> at /home/webdev/Sites/simple_cms/config/routes.rb:12)
  [1m[35m (0.3ms)[0m  [1m[35mSET NAMES utf8,  @@SESSION.sql_mode = CONCAT(CONCAT(@@sql_mode, ',STRICT_ALL_TABLES'), ',NO_AUTO_VALUE_ON_ZERO'),  @@SESSION.sql_auto_is_null = 0, @@SESSION.wait_timeout = 2147483[0m
